2018-01-25 14:29:23 | [31mWARN [0;39m | [1;33mmain[0;39m | [1;32morg.mybatis.spring.mapper.ClassPathMapperScanner[0;39m | No MyBatis mapper was found in '[com.renhy.home]' package. Please check your configuration.
2018-01-25 14:30:04 | [31mWARN [0;39m | [1;33mmain[0;39m | [1;32morg.mybatis.spring.mapper.ClassPathMapperScanner[0;39m | No MyBatis mapper was found in '[com.renhy.home]' package. Please check your configuration.
2018-01-25 14:35:13.407 | [1;31mERROR[0;39m | %PARSER_ERROR[goldYellow] | [1;32mo.s.boot.SpringApplication          :771 [0;39m | Application startup failed
java.lang.IllegalStateException: Logback configuration error detected: 
ERROR in ch.qos.logback.core.pattern.parser.Compiler@127a7a2e - There is no conversion class registered for composite conversion word [goldYellow]
ERROR in ch.qos.logback.core.pattern.parser.Compiler@127a7a2e - Failed to create converter for [%goldYellow] keyword
ERROR in ch.qos.logback.core.pattern.parser.Compiler@14008db3 - There is no conversion class registered for composite conversion word [goldYellow]
ERROR in ch.qos.logback.core.pattern.parser.Compiler@14008db3 - Failed to create converter for [%goldYellow] keyword
ERROR in ch.qos.logback.core.pattern.parser.Compiler@78a773fd - There is no conversion class registered for composite conversion word [goldYellow]
ERROR in ch.qos.logback.core.pattern.parser.Compiler@78a773fd - Failed to create converter for [%goldYellow] keyword
	at org.springframework.boot.logging.logback.LogbackLoggingSystem.loadConfiguration(LogbackLoggingSystem.java:162)
	at org.springframework.boot.logging.logback.LogbackLoggingSystem.reinitialize(LogbackLoggingSystem.java:208)
	at org.springframework.boot.logging.AbstractLoggingSystem.initializeWithConventions(AbstractLoggingSystem.java:74)
	at org.springframework.boot.logging.AbstractLoggingSystem.initialize(AbstractLoggingSystem.java:59)
	at org.springframework.boot.logging.logback.LogbackLoggingSystem.initialize(LogbackLoggingSystem.java:115)
	at org.springframework.boot.logging.LoggingApplicationListener.initializeSystem(LoggingApplicationListener.java:303)
	at org.springframework.boot.logging.LoggingApplicationListener.initialize(LoggingApplicationListener.java:276)
	at org.springframework.boot.logging.LoggingApplicationListener.onApplicationEnvironmentPreparedEvent(LoggingApplicationListener.java:239)
	at org.springframework.boot.logging.LoggingApplicationListener.onApplicationEvent(LoggingApplicationListener.java:212)
	at org.springframework.context.event.SimpleApplicationEventMulticaster.invokeListener(SimpleApplicationEventMulticaster.java:167)
	at org.springframework.context.event.SimpleApplicationEventMulticaster.multicastEvent(SimpleApplicationEventMulticaster.java:139)
	at org.springframework.context.event.SimpleApplicationEventMulticaster.multicastEvent(SimpleApplicationEventMulticaster.java:122)
	at org.springframework.boot.context.event.EventPublishingRunListener.environmentPrepared(EventPublishingRunListener.java:74)
	at org.springframework.boot.SpringApplicationRunListeners.environmentPrepared(SpringApplicationRunListeners.java:54)
	at org.springframework.boot.SpringApplication.prepareEnvironment(SpringApplication.java:325)
	at org.springframework.boot.SpringApplication.run(SpringApplication.java:296)
	at org.springframework.boot.SpringApplication.run(SpringApplication.java:1118)
	at org.springframework.boot.SpringApplication.run(SpringApplication.java:1107)
	at com.renhy.home.BackendApplication.main(BackendApplication.java:10)
2018-01-25 14:36:30.795 | [31mWARN [0;39m | [1;33mmain                [0;39m | [1;32mo.m.s.mapper.ClassPathMapperScanner :166 [0;39m | No MyBatis mapper was found in '[com.renhy.home]' package. Please check your configuration.
2018-01-25 14:37:59.932 | [31mWARN [0;39m | [1;33mmain            :166 [0;39m | [1;32mo.m.s.mapper.ClassPathMapperScanner :166 [0;39m | No MyBatis mapper was found in '[com.renhy.home]' package. Please check your configuration.
2018-01-25 14:39:51.404 | [31mWARN [0;39m | [1;33mmain        [0;39m | [1;32mo.m.s.mapper.ClassPathMapperScanner :166 [0;39m | No MyBatis mapper was found in '[com.renhy.home]' package. Please check your configuration.
2018-01-25 14:41:13.546 [[31mWARN [0;39m][[1;33mmain        [0;39m][[1;32mo.m.s.mapper.ClassPathMapperScanner :166 [0;39m] No MyBatis mapper was found in '[com.renhy.home]' package. Please check your configuration.
2018-01-25 14:41:34.136 [[31mWARN [0;39m][[1;33mmain        [0;39m][[1;32mo.m.s.mapper.ClassPathMapperScanner :166[0;39m] No MyBatis mapper was found in '[com.renhy.home]' package. Please check your configuration.
2018-01-25 14:42:03.156[31m[WARN ][0;39m[[1;33mmain        [0;39m][[1;32mo.m.s.mapper.ClassPathMapperScanner :166[0;39m] No MyBatis mapper was found in '[com.renhy.home]' package. Please check your configuration.
2018-01-25 14:42:34.952[31m[WARN ][0;39m%boldYellow([main        ]2018-01-25 14:43:08.951[31m[WARN ][0;39m%boldYellow([main        ]2018-01-25 14:43:47.383[31m[WARN ][0;39m[[1;33mmain        [0;39m][[1;32mo.m.s.mapper.ClassPathMapperScanner :166[0;39m] No MyBatis mapper was found in '[com.renhy.home]' package. Please check your configuration.
2018-01-25 14:44:27.993[31m[WARN ][0;39m%boldYellow([main        ]2018-01-25 14:44:49.280 [31m[WARN ] [0;39m%boldYellow([main        ]2018-01-25 14:45:00.035 [31m[WARN ][0;39m [1;33m[main        ][0;39m [[1;32mo.m.s.mapper.ClassPathMapperScanner :166[0;39m] No MyBatis mapper was found in '[com.renhy.home]' package. Please check your configuration.
2018-01-25 14:45:37.283 [31m[WARN ][0;39m [1;33m[main        ][0;39m [1;32m[o.m.s.mapper.ClassPathMapperScanner :166][0;39m No MyBatis mapper was found in '[com.renhy.home]' package. Please check your configuration.
2018-01-25 14:50:01.051 [31m[WARN ][0;39m [1;33m[main        ][0;39m [1;32m[o.m.s.mapper.ClassPathMapperScanner :166][0;39m No MyBatis mapper was found in '[com.renhy.home]' package. Please check your configuration.
2018-01-25 14:50:34.313 [31m[WARN ][0;39m [1;33m[main        ][0;39m [1;32m[o.m.s.mapper.ClassPathMapperScanner :166][0;39m No MyBatis mapper was found in '[com.renhy.home]' package. Please check your configuration.
2018-01-25 14:50:55.413 [31m[WARN ][0;39m [1;33m[main        ][0;39m [1;32m[o.m.s.mapper.ClassPathMapperScanner :166][0;39m No MyBatis mapper was found in '[com.renhy.home]' package. Please check your configuration.
2018-01-25 16:31:50.529 [31m[WARN ][0;39m [1;33m[main        ][0;39m [1;32m[o.m.s.mapper.ClassPathMapperScanner :166][0;39m No MyBatis mapper was found in '[com.renhy.home]' package. Please check your configuration.
